<?xml version="1.0" encoding="UTF-8"?>
<!-- Generated by org.testng.reporters.JUnitReportReporter -->
<testsuite skipped="0" hostname="Venkat" name="testPackage.DemoTesttt" tests="1" failures="0" timestamp="06 Sep 2018 00:47:02 GMT" time="0.053" errors="0">
  <testcase name="m1" time="0.053" classname="testPackage.DemoTesttt"/>
</testsuite> <!-- testPackage.DemoTesttt -->
