<?xml version="1.0" encoding="UTF-8"?>
<!-- Generated by org.testng.reporters.JUnitReportReporter -->
<testsuite skipped="0" hostname="Venkat" name="DemoTesttt" tests="1" failures="0" timestamp="05 Sep 2018 01:31:20 GMT" time="0.015" errors="0">
  <testcase name="m1" time="0.015" classname="DemoTesttt"/>
</testsuite> <!-- DemoTesttt -->
